2025-01-12 03:32:38,169 INFO: Project Nexus startup [in C:\Users\Vishwath Sai V\Downloads\Project-Nexus-main (1)\Project-Nexus-main\server.py:44]
2025-01-12 03:32:38,180 INFO: Created new database tables [in C:\Users\Vishwath Sai V\Downloads\Project-Nexus-main (1)\Project-Nexus-main\server.py:115]
2025-01-12 03:32:38,866 INFO: Project Nexus startup [in C:\Users\Vishwath Sai V\Downloads\Project-Nexus-main (1)\Project-Nexus-main\server.py:44]
2025-01-12 03:32:38,877 INFO: Created new database tables [in C:\Users\Vishwath Sai V\Downloads\Project-Nexus-main (1)\Project-Nexus-main\server.py:115]
2025-01-12 04:50:56,858 INFO: Project Nexus startup [in C:\Users\Vishwath Sai V\Downloads\Project-Nexus-main (1)\Project-Nexus-main\server.py:44]
2025-01-12 04:50:56,880 INFO: Created new database tables [in C:\Users\Vishwath Sai V\Downloads\Project-Nexus-main (1)\Project-Nexus-main\server.py:115]
2025-01-12 04:52:49,074 INFO: Project Nexus startup [in C:\Users\Vishwath Sai V\Downloads\Project-Nexus-main (1)\Project-Nexus-main\server.py:44]
2025-01-12 04:52:49,099 INFO: Created new database tables [in C:\Users\Vishwath Sai V\Downloads\Project-Nexus-main (1)\Project-Nexus-main\server.py:115]
2025-01-12 04:53:34,612 INFO: Project Nexus startup [in C:\Users\Vishwath Sai V\Downloads\Project-Nexus-main (1)\Project-Nexus-main\server.py:44]
2025-01-12 04:53:34,626 INFO: Created new database tables [in C:\Users\Vishwath Sai V\Downloads\Project-Nexus-main (1)\Project-Nexus-main\server.py:115]
2025-01-12 04:53:35,482 INFO: Project Nexus startup [in C:\Users\Vishwath Sai V\Downloads\Project-Nexus-main (1)\Project-Nexus-main\server.py:44]
2025-01-12 04:53:35,494 INFO: Created new database tables [in C:\Users\Vishwath Sai V\Downloads\Project-Nexus-main (1)\Project-Nexus-main\server.py:115]
2025-01-12 04:55:08,123 INFO: Project Nexus startup [in C:\Users\Vishwath Sai V\Downloads\Project-Nexus-main (1)\Project-Nexus-main\server.py:44]
2025-01-12 04:55:08,134 INFO: Created new database tables [in C:\Users\Vishwath Sai V\Downloads\Project-Nexus-main (1)\Project-Nexus-main\server.py:115]
2025-01-12 04:55:09,000 INFO: Project Nexus startup [in C:\Users\Vishwath Sai V\Downloads\Project-Nexus-main (1)\Project-Nexus-main\server.py:44]
2025-01-12 04:55:09,012 INFO: Created new database tables [in C:\Users\Vishwath Sai V\Downloads\Project-Nexus-main (1)\Project-Nexus-main\server.py:115]
2025-01-12 04:56:16,758 ERROR: Error in signup: (sqlite3.IntegrityError) UNIQUE constraint failed: user.username
[SQL: INSERT INTO user (username, email, password, role) VALUES (?, ?, ?, ?)]
[parameters: ('Vibeesh', 'Vibeesh.gamer@gmail.com', 'pbkdf2:sha256:600000$KjLrO2a17dX9Uu6V$6a47eb6c596fb4c017ea26925795294bf8c13020eb9b4239f54b384100114342', 'student')]
(Background on this error at: https://sqlalche.me/e/20/gkpj) [in C:\Users\Vishwath Sai V\Downloads\Project-Nexus-main (1)\Project-Nexus-main\server.py:207]
2025-01-12 04:56:32,632 ERROR: Error in signup: (sqlite3.IntegrityError) UNIQUE constraint failed: user.username
[SQL: INSERT INTO user (username, email, password, role) VALUES (?, ?, ?, ?)]
[parameters: ('Vibeesh', 'Vibeesh.gamer@gmail.com', 'pbkdf2:sha256:600000$Gxnd5PwTT1LPOucW$2f77d91a94ed918d5fb78f794923294e446cee014ddf7a365cc4474d8c0ee01b', 'student')]
(Background on this error at: https://sqlalche.me/e/20/gkpj) [in C:\Users\Vishwath Sai V\Downloads\Project-Nexus-main (1)\Project-Nexus-main\server.py:207]
2025-01-12 04:57:05,227 INFO: Project Nexus startup [in C:\Users\Vishwath Sai V\Downloads\Project-Nexus-main (1)\Project-Nexus-main\server.py:44]
2025-01-12 04:57:05,268 INFO: Created new database tables [in C:\Users\Vishwath Sai V\Downloads\Project-Nexus-main (1)\Project-Nexus-main\server.py:118]
2025-01-12 04:57:05,485 INFO: Project Nexus startup [in C:\Users\Vishwath Sai V\Downloads\Project-Nexus-main (1)\Project-Nexus-main\server.py:44]
2025-01-12 04:57:05,530 INFO: Created new database tables [in C:\Users\Vishwath Sai V\Downloads\Project-Nexus-main (1)\Project-Nexus-main\server.py:118]
2025-01-12 04:57:42,135 INFO: Project Nexus startup [in C:\Users\Vishwath Sai V\Downloads\Project-Nexus-main (1)\Project-Nexus-main\server.py:44]
2025-01-12 04:57:42,174 INFO: Created new database tables [in C:\Users\Vishwath Sai V\Downloads\Project-Nexus-main (1)\Project-Nexus-main\server.py:118]
2025-01-12 04:57:43,048 INFO: Project Nexus startup [in C:\Users\Vishwath Sai V\Downloads\Project-Nexus-main (1)\Project-Nexus-main\server.py:44]
2025-01-12 04:57:43,091 INFO: Created new database tables [in C:\Users\Vishwath Sai V\Downloads\Project-Nexus-main (1)\Project-Nexus-main\server.py:118]
2025-01-12 04:58:15,728 INFO: New user registered: Vibeesh (student) [in C:\Users\Vishwath Sai V\Downloads\Project-Nexus-main (1)\Project-Nexus-main\server.py:218]
2025-01-12 04:59:22,490 INFO: New user registered: tata (student) [in C:\Users\Vishwath Sai V\Downloads\Project-Nexus-main (1)\Project-Nexus-main\server.py:218]
2025-01-12 05:00:44,309 INFO: New user registered: byd_motors (company) [in C:\Users\Vishwath Sai V\Downloads\Project-Nexus-main (1)\Project-Nexus-main\server.py:218]
2025-01-12 05:22:17,008 INFO: Project Nexus startup [in C:\Users\Vishwath Sai V\Downloads\Project-Nexus-main (1)\Project-Nexus-main\server.py:44]
2025-01-12 05:22:17,047 INFO: Created new database tables [in C:\Users\Vishwath Sai V\Downloads\Project-Nexus-main (1)\Project-Nexus-main\server.py:118]
2025-01-12 05:23:21,550 INFO: Project Nexus startup [in C:\Users\Vishwath Sai V\Downloads\Project-Nexus-main (1)\Project-Nexus-main\server.py:44]
2025-01-12 05:23:21,586 INFO: Created new database tables [in C:\Users\Vishwath Sai V\Downloads\Project-Nexus-main (1)\Project-Nexus-main\server.py:118]
2025-01-12 05:23:22,460 INFO: Project Nexus startup [in C:\Users\Vishwath Sai V\Downloads\Project-Nexus-main (1)\Project-Nexus-main\server.py:44]
2025-01-12 05:23:22,504 INFO: Created new database tables [in C:\Users\Vishwath Sai V\Downloads\Project-Nexus-main (1)\Project-Nexus-main\server.py:118]
2025-01-12 05:34:24,988 INFO: Project Nexus startup [in C:\Users\Vishwath Sai V\Downloads\Project-Nexus-main (1)\Project-Nexus-main\server.py:44]
2025-01-12 05:34:25,029 INFO: Created new database tables [in C:\Users\Vishwath Sai V\Downloads\Project-Nexus-main (1)\Project-Nexus-main\server.py:118]
2025-01-12 05:34:50,200 INFO: Project Nexus startup [in C:\Users\Vishwath Sai V\Downloads\Project-Nexus-main (1)\Project-Nexus-main\server.py:44]
2025-01-12 05:34:50,252 INFO: Created new database tables [in C:\Users\Vishwath Sai V\Downloads\Project-Nexus-main (1)\Project-Nexus-main\server.py:133]
2025-01-12 05:35:40,478 INFO: Project Nexus startup [in C:\Users\Vishwath Sai V\Downloads\Project-Nexus-main (1)\Project-Nexus-main\server.py:44]
2025-01-12 05:35:40,516 INFO: Created new database tables [in C:\Users\Vishwath Sai V\Downloads\Project-Nexus-main (1)\Project-Nexus-main\server.py:133]
2025-01-12 05:35:41,373 INFO: Project Nexus startup [in C:\Users\Vishwath Sai V\Downloads\Project-Nexus-main (1)\Project-Nexus-main\server.py:44]
2025-01-12 05:35:41,412 INFO: Created new database tables [in C:\Users\Vishwath Sai V\Downloads\Project-Nexus-main (1)\Project-Nexus-main\server.py:133]
2025-01-12 05:37:07,640 INFO: New user registered: Vibeesh (student) [in C:\Users\Vishwath Sai V\Downloads\Project-Nexus-main (1)\Project-Nexus-main\server.py:239]
2025-01-12 05:37:51,854 INFO: New user registered: tata (company) [in C:\Users\Vishwath Sai V\Downloads\Project-Nexus-main (1)\Project-Nexus-main\server.py:239]
2025-01-12 05:40:24,614 ERROR: Error submitting solution: name 'analyze_solution' is not defined [in C:\Users\Vishwath Sai V\Downloads\Project-Nexus-main (1)\Project-Nexus-main\server.py:380]
2025-01-12 05:42:33,254 ERROR: Error submitting solution: name 'analyze_solution' is not defined [in C:\Users\Vishwath Sai V\Downloads\Project-Nexus-main (1)\Project-Nexus-main\server.py:380]
2025-01-12 05:55:47,862 ERROR: Error submitting solution: name 'analyze_solution' is not defined [in C:\Users\Vishwath Sai V\Downloads\Project-Nexus-main (1)\Project-Nexus-main\server.py:380]
2025-01-12 05:57:03,888 INFO: Project Nexus startup [in C:\Users\Vishwath Sai V\Downloads\Project-Nexus-main (1)\Project-Nexus-main\server.py:45]
2025-01-12 05:57:03,922 INFO: Created new database tables [in C:\Users\Vishwath Sai V\Downloads\Project-Nexus-main (1)\Project-Nexus-main\server.py:134]
2025-01-12 05:58:12,670 INFO: Project Nexus startup [in C:\Users\Vishwath Sai V\Downloads\Project-Nexus-main (1)\Project-Nexus-main\server.py:45]
2025-01-12 05:58:12,713 INFO: Created new database tables [in C:\Users\Vishwath Sai V\Downloads\Project-Nexus-main (1)\Project-Nexus-main\server.py:134]
2025-01-12 05:58:14,114 INFO: Project Nexus startup [in C:\Users\Vishwath Sai V\Downloads\Project-Nexus-main (1)\Project-Nexus-main\server.py:45]
2025-01-12 05:58:14,157 INFO: Created new database tables [in C:\Users\Vishwath Sai V\Downloads\Project-Nexus-main (1)\Project-Nexus-main\server.py:134]
2025-01-12 05:59:36,382 INFO: New user registered: Vibeesh (student) [in C:\Users\Vishwath Sai V\Downloads\Project-Nexus-main (1)\Project-Nexus-main\server.py:240]
2025-01-12 06:00:57,379 INFO: Project Nexus startup [in C:\Users\Vishwath Sai V\Downloads\Project-Nexus-main (1)\Project-Nexus-main\server.py:45]
2025-01-12 06:00:57,428 INFO: Created new database tables [in C:\Users\Vishwath Sai V\Downloads\Project-Nexus-main (1)\Project-Nexus-main\server.py:134]
2025-01-12 06:00:58,845 INFO: Project Nexus startup [in C:\Users\Vishwath Sai V\Downloads\Project-Nexus-main (1)\Project-Nexus-main\server.py:45]
2025-01-12 06:00:58,889 INFO: Created new database tables [in C:\Users\Vishwath Sai V\Downloads\Project-Nexus-main (1)\Project-Nexus-main\server.py:134]
2025-01-12 06:01:48,189 INFO: New user registered: tata (company) [in C:\Users\Vishwath Sai V\Downloads\Project-Nexus-main (1)\Project-Nexus-main\server.py:240]
2025-01-12 06:06:59,117 INFO: New user registered: Vibeesh (student) [in C:\Users\Vishwath Sai V\Downloads\Project-Nexus-main (1)\Project-Nexus-main\server.py:240]
